
> zona-hockey-store@0.1.0 build
> next build

  Ôû▓ Next.js 14.2.5

   Creating an optimized production build ...
 Ô£ô Compiled successfully
   Linting and checking validity of types ...
   Collecting page data ...
   Generating static pages (0/15) ...
   Generating static pages (3/15) 
   Generating static pages (7/15) 
   Generating static pages (11/15) 
 Ô£ô Generating static pages (15/15)
   Finalizing page optimization ...
   Collecting build traces ...

Route (app)                              Size     First Load JS
Ôöî Ôùï /                                    1.15 kB          95 kB
Ôö£ Ôùï /_not-found                          871 B          87.9 kB
Ôö£ Ôùï /admin                               544 B          94.4 kB
Ôö£ Ôùï /admin/orders                        1.38 kB        95.2 kB
Ôö£ ãÆ /admin/orders/[id]                   530 B          94.4 kB
Ôö£ Ôùï /admin/photos                        544 B          94.4 kB
Ôö£ ãÆ /admin/photos/[slug]                 137 B          96.7 kB
Ôö£ Ôùï /admin/photos/new                    137 B          96.7 kB
Ôö£ Ôùï /admin/products                      544 B          94.4 kB
Ôö£ ãÆ /admin/products/[slug]               2.12 kB          96 kB
Ôö£ Ôùï /admin/products/new                  2.12 kB          96 kB
Ôö£ Ôùï /api/admin/orders                    0 B                0 B
Ôö£ ãÆ /api/admin/orders/[id]               0 B                0 B
Ôö£ ãÆ /api/admin/photos                    0 B                0 B
Ôö£ ãÆ /api/admin/photos/[slug]             0 B                0 B
Ôö£ ãÆ /api/admin/products                  0 B                0 B
Ôö£ ãÆ /api/admin/products/[slug]           0 B                0 B
Ôö£ Ôùï /cart                                1.64 kB        95.5 kB
Ôö£ Ôùï /checkout                            957 B            88 kB
Ôöö ãÆ /products/[slug]                     172 B            94 kB
+ First Load JS shared by all            87.1 kB
  Ôö£ chunks/23-c61e312c20c04c5e.js        31.5 kB
  Ôö£ chunks/fd9d1056-b6e16a5f15b47ad4.js  53.6 kB
  Ôöö other shared chunks (total)          1.89 kB


Ôùï  (Static)   prerendered as static content
ãÆ  (Dynamic)  server-rendered on demand

